  Generating pocomsg.h
  MC: Compiling D:/cpplib/poco_2022/Foundation/src/pocomsg.mc
  Building Custom Rule D:/cpplib/poco_2022/Foundation/CMakeLists.txt
  ASCIIEncoding.cpp
  AbstractObserver.cpp
  ActiveDispatcher.cpp
  ArchiveStrategy.cpp
  Ascii.cpp
  AsyncChannel.cpp
  AtomicCounter.cpp
  AtomicFlag.cpp
  Base32Decoder.cpp
  Base32Encoder.cpp
  Base64Decoder.cpp
  Base64Encoder.cpp
  BinaryReader.cpp
  BinaryWriter.cpp
  Bugcheck.cpp
  ByteOrder.cpp
  Channel.cpp
  Checksum.cpp
  Clock.cpp
  Condition.cpp
  正在生成代码...
  正在编译...
  Configurable.cpp
  ConsoleChannel.cpp
  CountingStream.cpp
  DataURIStream.cpp
  DataURIStreamFactory.cpp
  DateTime.cpp
  DateTimeFormat.cpp
  DateTimeFormatter.cpp
  DateTimeParser.cpp
  Debugger.cpp
  DeflatingStream.cpp
  DigestEngine.cpp
  DigestStream.cpp
  DirectoryIterator.cpp
  DirectoryIteratorStrategy.cpp
  DirectoryWatcher.cpp
  Environment.cpp
  Error.cpp
  ErrorHandler.cpp
  Event.cpp
  正在生成代码...
  正在编译...
  EventArgs.cpp
  EventChannel.cpp
  EventLogChannel.cpp
  Exception.cpp
  FIFOBufferStream.cpp
  FPEnvironment.cpp
  File.cpp
  FileChannel.cpp
  FileStream.cpp
  FileStreamFactory.cpp
  Format.cpp
  Formatter.cpp
  FormattingChannel.cpp
  Glob.cpp
  Hash.cpp
  HashStatistic.cpp
  HexBinaryDecoder.cpp
  HexBinaryEncoder.cpp
  InflatingStream.cpp
  JSONString.cpp
  正在生成代码...
  正在编译...
  Latin1Encoding.cpp
  Latin2Encoding.cpp
  Latin9Encoding.cpp
  LineEndingConverter.cpp
  LocalDateTime.cpp
  LogFile.cpp
  LogStream.cpp
  Logger.cpp
  LoggingFactory.cpp
  LoggingRegistry.cpp
  MD4Engine.cpp
  MD5Engine.cpp
  Manifest.cpp
  MemoryPool.cpp
  MemoryStream.cpp
  Message.cpp
  Mutex.cpp
  NamedEvent.cpp
  NamedMutex.cpp
  NestedDiagnosticContext.cpp
  正在生成代码...
  正在编译...
  Notification.cpp
  NotificationCenter.cpp
  NotificationQueue.cpp
  NullChannel.cpp
  NullStream.cpp
  NumberFormatter.cpp
  NumberParser.cpp
  NumericString.cpp
D:\cpplib\poco_2022\Foundation\src\bignum.cc(149,32): warning C4244: “=”: 从“uint64_t”转换到“poco_double_conversion::Bignum::Chunk”，可能丢失数据
  Path.cpp
  PatternFormatter.cpp
  Pipe.cpp
  PipeImpl.cpp
  PipeStream.cpp
  PriorityNotificationQueue.cpp
  Process.cpp
  PurgeStrategy.cpp
  RWLock.cpp
  Random.cpp
  RandomStream.cpp
  RefCountedObject.cpp
  正在生成代码...
  正在编译...
  RegularExpression.cpp
D:\cpplib\poco_2022\Foundation\src\RegularExpression.cpp(326,26): warning C4267: “初始化”: 从“size_t”转换到“int”，可能丢失数据
D:\cpplib\poco_2022\Foundation\src\RegularExpression.cpp(327,34): warning C4267: “初始化”: 从“size_t”转换到“int”，可能丢失数据
  RotateStrategy.cpp
  Runnable.cpp
  SHA1Engine.cpp
  SHA2Engine.cpp
  Semaphore.cpp
  SharedLibrary.cpp
  SharedMemory.cpp
  SignalHandler.cpp
  SimpleFileChannel.cpp
  SortedDirectoryIterator.cpp
  SplitterChannel.cpp
  Stopwatch.cpp
  StreamChannel.cpp
  StreamConverter.cpp
  StreamCopier.cpp
  StreamTokenizer.cpp
  String.cpp
  StringTokenizer.cpp
  SynchronizedObject.cpp
  正在生成代码...
  正在编译...
  Task.cpp
  TaskManager.cpp
  TaskNotification.cpp
  TeeStream.cpp
  TemporaryFile.cpp
  TextBufferIterator.cpp
  TextConverter.cpp
  TextEncoding.cpp
  TextIterator.cpp
  Thread.cpp
  ThreadLocal.cpp
  ThreadPool.cpp
  ThreadTarget.cpp
  TimedNotificationQueue.cpp
  Timer.cpp
  Timespan.cpp
  Timestamp.cpp
  Timezone.cpp
  Token.cpp
  URI.cpp
  正在生成代码...
  正在编译...
  URIStreamFactory.cpp
  URIStreamOpener.cpp
  UTF16Encoding.cpp
  UTF32Encoding.cpp
  UTF8Encoding.cpp
  UTF8String.cpp
  UUID.cpp
  UUIDGenerator.cpp
  Unicode.cpp
  UnicodeConverter.cpp
  Var.cpp
  VarHolder.cpp
  VarIterator.cpp
  Void.cpp
  Windows1250Encoding.cpp
  Windows1251Encoding.cpp
  Windows1252Encoding.cpp
  WindowsConsoleChannel.cpp
  正在生成代码...
  pcre2_auto_possess.c
  pcre2_chartables.c
  pcre2_compile.c
  pcre2_config.c
  pcre2_context.c
  pcre2_convert.c
  pcre2_dfa_match.c
  pcre2_error.c
  pcre2_extuni.c
  pcre2_find_bracket.c
  pcre2_jit_compile.c
  pcre2_maketables.c
  pcre2_match.c
  pcre2_match_data.c
  pcre2_newline.c
  pcre2_ord2utf.c
  pcre2_pattern_info.c
  pcre2_script_run.c
  pcre2_serialize.c
  pcre2_string_utils.c
  正在生成代码...
  正在编译...
  pcre2_study.c
  pcre2_substitute.c
  pcre2_substring.c
  pcre2_tables.c
  pcre2_ucd.c
  pcre2_valid_utf.c
  pcre2_xclass.c
  adler32.c
  compress.c
  crc32.c
  deflate.c
D:\cpplib\poco_2022\Foundation\src\deflate.c(1915,1): warning C4244: “=”: 从“ush”转换到“uchf”，可能丢失数据
D:\cpplib\poco_2022\Foundation\src\deflate.c(2040,1): warning C4244: “=”: 从“ush”转换到“uchf”，可能丢失数据
D:\cpplib\poco_2022\Foundation\src\deflate.c(2150,13): warning C4244: “=”: 从“ush”转换到“uchf”，可能丢失数据
  infback.c
  inffast.c
  inflate.c
  inftrees.c
  trees.c
  zutil.c
  正在生成代码...
    正在创建库 D:/cpplib/poco_2022/cmake_win_x64/lib/Release/PocoFoundation.lib 和对象 D:/cpplib/poco_2022/cmake_win_x64/lib/Release/PocoFoundation.exp
  Foundation.vcxproj -> D:\cpplib\poco_2022\cmake_win_x64\bin\Release\PocoFoundation.dll
