  Building Custom Rule D:/cpplib/poco_2022/Crypto/CMakeLists.txt
  Cipher.cpp
  CipherFactory.cpp
  CipherImpl.cpp
  CipherKey.cpp
  CipherKeyImpl.cpp
  CryptoException.cpp
  CryptoStream.cpp
  CryptoTransform.cpp
  DigestEngine.cpp
  ECDSADigestEngine.cpp
  ECKey.cpp
  ECKeyImpl.cpp
  EVPCipherImpl.cpp
D:\cpplib\poco_2022\Crypto\src\EVPCipherImpl.cpp(133,12): warning C4267: “+=”: 从“size_t”转换到“int”，可能丢失数据
D:\cpplib\poco_2022\Crypto\src\EVPCipherImpl.cpp(244,12): warning C4267: “+=”: 从“size_t”转换到“int”，可能丢失数据
  EVPPKey.cpp
  Envelope.cpp
  KeyPair.cpp
  KeyPairImpl.cpp
  OpenSSLInitializer.cpp
  OpenSSL 3.0.5 5 Jul 2022
  PKCS12Container.cpp
  RSACipherImpl.cpp
  正在生成代码...
  正在编译...
  RSADigestEngine.cpp
  RSAKey.cpp
  RSAKeyImpl.cpp
  X509Certificate.cpp
  正在生成代码...
LINK : fatal error LNK1104: 无法打开文件“libcrypto.lib”
