  Building Custom Rule D:/cpplib/poco_2022/MongoDB/CMakeLists.txt
  Array.cpp
  Binary.cpp
  Connection.cpp
D:\cpplib\poco_2022\MongoDB\include\Poco/MongoDB/QueryRequest.h(1,1): warning C4819: 该文件包含不能在当前代码页(936)中表示的字符。请将该文件保存为 Unicode 格式以防止数据丢失
  Cursor.cpp
D:\cpplib\poco_2022\MongoDB\include\Poco/MongoDB/QueryRequest.h(1,1): warning C4819: 该文件包含不能在当前代码页(936)中表示的字符。请将该文件保存为 Unicode 格式以防止数据丢失
  Database.cpp
D:\cpplib\poco_2022\MongoDB\include\Poco/MongoDB/QueryRequest.h(1,1): warning C4819: 该文件包含不能在当前代码页(936)中表示的字符。请将该文件保存为 Unicode 格式以防止数据丢失
  DeleteRequest.cpp
  Document.cpp
  Element.cpp
  GetMoreRequest.cpp
  InsertRequest.cpp
  JavaScriptCode.cpp
  KillCursorsRequest.cpp
  Message.cpp
  MessageHeader.cpp
  ObjectId.cpp
  QueryRequest.cpp
D:\cpplib\poco_2022\MongoDB\include\Poco/MongoDB/QueryRequest.h(1,1): warning C4819: 该文件包含不能在当前代码页(936)中表示的字符。请将该文件保存为 Unicode 格式以防止数据丢失
  RegularExpression.cpp
  ReplicaSet.cpp
D:\cpplib\poco_2022\MongoDB\include\Poco/MongoDB/QueryRequest.h(1,1): warning C4819: 该文件包含不能在当前代码页(936)中表示的字符。请将该文件保存为 Unicode 格式以防止数据丢失
  RequestMessage.cpp
  ResponseMessage.cpp
  正在生成代码...
  正在编译...
  UpdateRequest.cpp
  正在生成代码...
    正在创建库 D:/cpplib/poco_2022/cmake_win_x64/lib/Release/PocoMongoDB.lib 和对象 D:/cpplib/poco_2022/cmake_win_x64/lib/Release/PocoMongoDB.exp
  MongoDB.vcxproj -> D:\cpplib\poco_2022\cmake_win_x64\bin\Release\PocoMongoDB.dll
