  Building Custom Rule D:/cpplib/poco_2022/NetSSL_Win/CMakeLists.txt
  AcceptCertificateHandler.cpp
  CertificateHandlerFactory.cpp
  CertificateHandlerFactoryMgr.cpp
  ConsoleCertificateHandler.cpp
  Context.cpp
  HTTPSClientSession.cpp
  HTTPSSessionInstantiator.cpp
  HTTPSStreamFactory.cpp
  InvalidCertificateHandler.cpp
  KeyConsoleHandler.cpp
  KeyFileHandler.cpp
  PrivateKeyFactory.cpp
  PrivateKeyFactoryMgr.cpp
  PrivateKeyPassphraseHandler.cpp
  RejectCertificateHandler.cpp
  SSLException.cpp
  SSLManager.cpp
  SecureSMTPClientSession.cpp
  SecureServerSocket.cpp
  SecureServerSocketImpl.cpp
  正在生成代码...
  正在编译...
  SecureSocketImpl.cpp
  SecureStreamSocket.cpp
  SecureStreamSocketImpl.cpp
  Session.cpp
  Utility.cpp
  VerificationErrorArgs.cpp
  X509Certificate.cpp
  正在生成代码...
    正在创建库 D:/cpplib/poco_2022/cmake_win_x64/lib/Release/PocoNetSSLWin.lib 和对象 D:/cpplib/poco_2022/cmake_win_x64/lib/Release/PocoNetSSLWin.exp
  NetSSLWin.vcxproj -> D:\cpplib\poco_2022\cmake_win_x64\bin\Release\PocoNetSSLWin.dll
