  Building Custom Rule D:/cpplib/poco_2022/Net/CMakeLists.txt
  AbstractHTTPRequestHandler.cpp
  DNS.cpp
  DatagramSocket.cpp
  DatagramSocketImpl.cpp
  DialogSocket.cpp
  EscapeHTMLStream.cpp
  FTPClientSession.cpp
  FTPStreamFactory.cpp
  FilePartSource.cpp
  HTMLForm.cpp
  HTTPAuthenticationParams.cpp
  HTTPBasicCredentials.cpp
  HTTPBufferAllocator.cpp
  HTTPChunkedStream.cpp
  HTTPClientSession.cpp
  HTTPCookie.cpp
  HTTPCredentials.cpp
  HTTPDigestCredentials.cpp
  HTTPFixedLengthStream.cpp
  HTTPHeaderStream.cpp
  正在生成代码...
  正在编译...
  HTTPIOStream.cpp
  HTTPMessage.cpp
  HTTPNTLMCredentials.cpp
  HTTPRequest.cpp
  HTTPRequestHandler.cpp
  HTTPRequestHandlerFactory.cpp
  HTTPResponse.cpp
  HTTPServer.cpp
  HTTPServerConnection.cpp
  HTTPServerConnectionFactory.cpp
  HTTPServerParams.cpp
  HTTPServerRequest.cpp
  HTTPServerRequestImpl.cpp
  HTTPServerResponse.cpp
  HTTPServerResponseImpl.cpp
  HTTPServerSession.cpp
  HTTPSession.cpp
  HTTPSessionFactory.cpp
  HTTPSessionInstantiator.cpp
  HTTPStream.cpp
  正在生成代码...
  正在编译...
  HTTPStreamFactory.cpp
  HostEntry.cpp
  ICMPClient.cpp
  ICMPEventArgs.cpp
  ICMPPacket.cpp
  ICMPPacketImpl.cpp
  ICMPSocket.cpp
  ICMPSocketImpl.cpp
  ICMPv4PacketImpl.cpp
  IPAddress.cpp
  IPAddressImpl.cpp
  MailMessage.cpp
  MailRecipient.cpp
  MailStream.cpp
  MediaType.cpp
  MessageHeader.cpp
  MulticastSocket.cpp
  MultipartReader.cpp
  MultipartWriter.cpp
  NTLMCredentials.cpp
  正在生成代码...
  正在编译...
  NTPClient.cpp
  NTPEventArgs.cpp
  NTPPacket.cpp
  NameValueCollection.cpp
  Net.cpp
  NetException.cpp
  NetworkInterface.cpp
  NullPartHandler.cpp
  OAuth10Credentials.cpp
  OAuth20Credentials.cpp
  POP3ClientSession.cpp
  PartHandler.cpp
  PartSource.cpp
  PartStore.cpp
  PollSet.cpp
  QuotedPrintableDecoder.cpp
  QuotedPrintableEncoder.cpp
  RawSocket.cpp
  RawSocketImpl.cpp
  RemoteSyslogChannel.cpp
  正在生成代码...
  正在编译...
  RemoteSyslogListener.cpp
  SMTPChannel.cpp
  SMTPClientSession.cpp
  SSPINTLMCredentials.cpp
  ServerSocket.cpp
  ServerSocketImpl.cpp
  Socket.cpp
D:\cpplib\poco_2022\Net\src\Socket.cpp(103,72): warning C4267: “初始化”: 从“size_t”转换到“int”，可能丢失数据
D:\cpplib\poco_2022\Net\src\Socket.cpp(122,63): warning C4267: “return”: 从“size_t”转换到“int”，可能丢失数据
  SocketAddress.cpp
  SocketAddressImpl.cpp
  SocketImpl.cpp
D:\cpplib\poco_2022\Net\src\SocketImpl.cpp(678,70): warning C4244: “参数”: 从“Poco::Timespan::TimeDiff”转换到“int”，可能丢失数据
  SocketNotification.cpp
  SocketNotifier.cpp
  SocketProactor.cpp
  SocketReactor.cpp
  SocketStream.cpp
  StreamSocket.cpp
  StreamSocketImpl.cpp
  StringPartSource.cpp
  TCPServer.cpp
  TCPServerConnection.cpp
  正在生成代码...
  正在编译...
  TCPServerConnectionFactory.cpp
  TCPServerDispatcher.cpp
  TCPServerParams.cpp
  UDPClient.cpp
  UDPServerParams.cpp
  WebSocket.cpp
  WebSocketImpl.cpp
  正在生成代码...
  wepoll.c
    正在创建库 D:/cpplib/poco_2022/cmake_win_x64/lib/Release/PocoNet.lib 和对象 D:/cpplib/poco_2022/cmake_win_x64/lib/Release/PocoNet.exp
  Net.vcxproj -> D:\cpplib\poco_2022\cmake_win_x64\bin\Release\PocoNet.dll
