  Building Custom Rule D:/cpplib/poco_2022/XML/CMakeLists.txt
  AbstractContainerNode.cpp
  AbstractNode.cpp
  Attr.cpp
  AttrMap.cpp
  Attributes.cpp
  AttributesImpl.cpp
  CDATASection.cpp
  CharacterData.cpp
  ChildNodesList.cpp
  Comment.cpp
  ContentHandler.cpp
  DOMBuilder.cpp
  DOMException.cpp
  DOMImplementation.cpp
  DOMObject.cpp
  DOMParser.cpp
  DOMSerializer.cpp
  DOMWriter.cpp
  DTDHandler.cpp
  DTDMap.cpp
  正在生成代码...
  正在编译...
  DeclHandler.cpp
  DefaultHandler.cpp
  Document.cpp
  DocumentEvent.cpp
  DocumentFragment.cpp
  DocumentType.cpp
  Element.cpp
  ElementsByTagNameList.cpp
  Entity.cpp
  EntityReference.cpp
  EntityResolver.cpp
  EntityResolverImpl.cpp
  ErrorHandler.cpp
  Event.cpp
  EventDispatcher.cpp
  EventException.cpp
  EventListener.cpp
  EventTarget.cpp
  InputSource.cpp
  LexicalHandler.cpp
  正在生成代码...
  正在编译...
  Locator.cpp
  LocatorImpl.cpp
  MutationEvent.cpp
  Name.cpp
  NamePool.cpp
  NamedNodeMap.cpp
  NamespaceStrategy.cpp
  NamespaceSupport.cpp
  Node.cpp
  NodeAppender.cpp
  NodeFilter.cpp
  NodeIterator.cpp
  NodeList.cpp
  Notation.cpp
  ParserEngine.cpp
  ProcessingInstruction.cpp
  QName.cpp
  SAXException.cpp
  SAXParser.cpp
  Text.cpp
  正在生成代码...
  正在编译...
  TreeWalker.cpp
  ValueTraits.cpp
  WhitespaceFilter.cpp
  XMLException.cpp
  XMLFilter.cpp
  XMLFilterImpl.cpp
  XMLReader.cpp
  XMLStreamParser.cpp
  XMLStreamParserException.cpp
  XMLString.cpp
  XMLWriter.cpp
  xmlparse.cpp
D:\cpplib\poco_2022\XML\src\xmlparse.cpp(7030,9): warning C4551: 缺少参数列表的函数调用
  正在生成代码...
  xmlrole.c
  xmltok.c
  xmltok_impl.c
  xmltok_ns.c
  正在生成代码...
    正在创建库 D:/cpplib/poco_2022/cmake_win_x64/lib/Release/PocoXML.lib 和对象 D:/cpplib/poco_2022/cmake_win_x64/lib/Release/PocoXML.exp
  XML.vcxproj -> D:\cpplib\poco_2022\cmake_win_x64\bin\Release\PocoXML.dll
